c:\users\peiwen\documents\visual studio 2013\projects\节点定位上位机\mfcapplication1\debug\mfcapplication1.pch
c:\users\peiwen\documents\visual studio 2013\projects\节点定位上位机\mfcapplication1\debug\vc120.pdb
c:\users\peiwen\documents\visual studio 2013\projects\节点定位上位机\mfcapplication1\debug\vc120.idb
c:\users\peiwen\documents\visual studio 2013\projects\节点定位上位机\mfcapplication1\debug\stdafx.obj
c:\users\peiwen\documents\visual studio 2013\projects\节点定位上位机\mfcapplication1\debug\acom.obj
c:\users\peiwen\documents\visual studio 2013\projects\节点定位上位机\mfcapplication1\debug\mfcapplication1.obj
c:\users\peiwen\documents\visual studio 2013\projects\节点定位上位机\mfcapplication1\debug\mfcapplication1dlg.obj
c:\users\peiwen\documents\visual studio 2013\projects\节点定位上位机\mfcapplication1\debug\nodelist.obj
c:\users\peiwen\documents\visual studio 2013\projects\节点定位上位机\mfcapplication1\debug\tchart1.obj
c:\users\peiwen\documents\visual studio 2013\projects\节点定位上位机\debug\mfcapplication1.ilk
c:\users\peiwen\documents\visual studio 2013\projects\节点定位上位机\debug\mfcapplication1.exe
c:\users\peiwen\documents\visual studio 2013\projects\节点定位上位机\debug\mfcapplication1.pdb
c:\users\peiwen\documents\visual studio 2013\projects\节点定位上位机\mfcapplication1\debug\mfcapplication1.res
c:\users\peiwen\documents\visual studio 2013\projects\节点定位上位机\mfcapplication1\debug\teechart5.tli
c:\users\peiwen\documents\visual studio 2013\projects\节点定位上位机\mfcapplication1\debug\teechart5.tlh
c:\users\peiwen\documents\visual studio 2013\projects\节点定位上位机\mfcapplication1\debug\mfcapplication1.tlog\cl.command.1.tlog
c:\users\peiwen\documents\visual studio 2013\projects\节点定位上位机\mfcapplication1\debug\mfcapplication1.tlog\cl.read.1.tlog
c:\users\peiwen\documents\visual studio 2013\projects\节点定位上位机\mfcapplication1\debug\mfcapplication1.tlog\cl.write.1.tlog
c:\users\peiwen\documents\visual studio 2013\projects\节点定位上位机\mfcapplication1\debug\mfcapplication1.tlog\link.command.1.tlog
c:\users\peiwen\documents\visual studio 2013\projects\节点定位上位机\mfcapplication1\debug\mfcapplication1.tlog\link.read.1.tlog
c:\users\peiwen\documents\visual studio 2013\projects\节点定位上位机\mfcapplication1\debug\mfcapplication1.tlog\link.write.1.tlog
c:\users\peiwen\documents\visual studio 2013\projects\节点定位上位机\mfcapplication1\debug\mfcapplication1.tlog\rc.command.1.tlog
c:\users\peiwen\documents\visual studio 2013\projects\节点定位上位机\mfcapplication1\debug\mfcapplication1.tlog\rc.read.1.tlog
c:\users\peiwen\documents\visual studio 2013\projects\节点定位上位机\mfcapplication1\debug\mfcapplication1.tlog\rc.write.1.tlog
